<?xml version="1.0" encoding="UTF-8"?>
<!-- Generated by org.testng.reporters.JUnitReportReporter -->
<testsuite hostname="Jimmys-MacBook-Pro.local" failures="0" tests="3" name="StatusTest" time="4.693" errors="0" timestamp="01 Nov 2020 00:52:58 GMT" skipped="0">
  <testcase classname="StatusTest" name="Correct_String_Test" time="1.428"/>
  <testcase classname="StatusTest" name="CorrectStatus_Code_Test" time="2.238"/>
  <testcase classname="StatusTest" name="Status_Wrong_Page_Test" time="1.027"/>
</testsuite> <!-- StatusTest -->
