<?xml version="1.0" encoding="UTF-8"?>
<!-- Generated by org.testng.reporters.JUnitReportReporter -->
<testsuite hostname="Jimmys-MacBook-Pro.local" failures="0" tests="4" name="RandomTest" time="4.426" errors="0" timestamp="01 Nov 2020 00:52:58 GMT" skipped="0">
  <testcase classname="RandomTest" name="FighterNameIsCorrect" time="1.076"/>
  <testcase classname="RandomTest" name="submit_Same_Name" time="1.561"/>
  <testcase classname="RandomTest" name="Random_Name_Incorrect_Status_Test" time="0.795"/>
  <testcase classname="RandomTest" name="Random_Name_Correct_Status_Test" time="0.994"/>
</testsuite> <!-- RandomTest -->
