<?xml version="1.0" encoding="UTF-8"?>
<!-- Generated by org.testng.reporters.JUnitReportReporter -->
<testsuite hostname="Jimmys-MacBook-Pro.local" failures="0" tests="1" name="UpdateTest" time="0.796" errors="0" timestamp="01 Nov 2020 00:52:58 GMT" skipped="0">
  <testcase classname="UpdateTest" name="UpdateFighter" time="0.796"/>
</testsuite> <!-- UpdateTest -->
