<?xml version="1.0" encoding="UTF-8"?>
<testsuite xmlns:xsi="http://www.w3.org/2001/XMLSchema-instance" xsi:noNamespaceSchemaLocation="https://maven.apache.org/surefire/maven-surefire-plugin/xsd/surefire-test-report.xsd" name="TestSuite" time="12.92" tests="8" errors="0" skipped="0" failures="0">
  <properties>
    <property name="java.specification.version" value="13"/>
    <property name="sun.jnu.encoding" value="UTF-8"/>
    <property name="java.class.path" value="/Users/jimmyandres/.m2/repository/org/apache/maven/surefire/surefire-booter/2.22.0/surefire-booter-2.22.0.jar:/Users/jimmyandres/.m2/repository/org/apache/maven/surefire/surefire-api/2.22.0/surefire-api-2.22.0.jar:/Users/jimmyandres/.m2/repository/org/apache/maven/surefire/surefire-logger-api/2.22.0/surefire-logger-api-2.22.0.jar:/Users/jimmyandres/Modulo-3-Examen/api/rest_assured/target/test-classes:/Users/jimmyandres/Modulo-3-Examen/api/rest_assured/target/classes:/Users/jimmyandres/.m2/repository/io/rest-assured/rest-assured/4.3.1/rest-assured-4.3.1.jar:/Users/jimmyandres/.m2/repository/org/codehaus/groovy/groovy/3.0.3/groovy-3.0.3.jar:/Users/jimmyandres/.m2/repository/org/codehaus/groovy/groovy-xml/3.0.3/groovy-xml-3.0.3.jar:/Users/jimmyandres/.m2/repository/org/apache/httpcomponents/httpclient/4.5.3/httpclient-4.5.3.jar:/Users/jimmyandres/.m2/repository/org/apache/httpcomponents/httpcore/4.4.6/httpcore-4.4.6.jar:/Users/jimmyandres/.m2/repository/commons-logging/commons-logging/1.2/commons-logging-1.2.jar:/Users/jimmyandres/.m2/repository/commons-codec/commons-codec/1.9/commons-codec-1.9.jar:/Users/jimmyandres/.m2/repository/org/apache/httpcomponents/httpmime/4.5.3/httpmime-4.5.3.jar:/Users/jimmyandres/.m2/repository/org/hamcrest/hamcrest/2.1/hamcrest-2.1.jar:/Users/jimmyandres/.m2/repository/org/ccil/cowan/tagsoup/tagsoup/1.2.1/tagsoup-1.2.1.jar:/Users/jimmyandres/.m2/repository/io/rest-assured/json-path/4.3.1/json-path-4.3.1.jar:/Users/jimmyandres/.m2/repository/org/codehaus/groovy/groovy-json/3.0.3/groovy-json-3.0.3.jar:/Users/jimmyandres/.m2/repository/io/rest-assured/rest-assured-common/4.3.1/rest-assured-common-4.3.1.jar:/Users/jimmyandres/.m2/repository/io/rest-assured/xml-path/4.3.1/xml-path-4.3.1.jar:/Users/jimmyandres/.m2/repository/org/apache/commons/commons-lang3/3.4/commons-lang3-3.4.jar:/Users/jimmyandres/.m2/repository/jakarta/xml/bind/jakarta.xml.bind-api/2.3.3/jakarta.xml.bind-api-2.3.3.jar:/Users/jimmyandres/.m2/repository/jakarta/activation/jakarta.activation-api/1.2.2/jakarta.activation-api-1.2.2.jar:/Users/jimmyandres/.m2/repository/com/sun/xml/bind/jaxb-impl/2.3.3/jaxb-impl-2.3.3.jar:/Users/jimmyandres/.m2/repository/org/testng/testng/6.14.3/testng-6.14.3.jar:/Users/jimmyandres/.m2/repository/com/beust/jcommander/1.72/jcommander-1.72.jar:/Users/jimmyandres/.m2/repository/org/apache-extras/beanshell/bsh/2.0b6/bsh-2.0b6.jar:/Users/jimmyandres/.m2/repository/com/fasterxml/jackson/core/jackson-core/2.11.3/jackson-core-2.11.3.jar:/Users/jimmyandres/.m2/repository/com/fasterxml/jackson/core/jackson-databind/2.6.0/jackson-databind-2.6.0.jar:/Users/jimmyandres/.m2/repository/com/fasterxml/jackson/core/jackson-annotations/2.6.0/jackson-annotations-2.6.0.jar:/Users/jimmyandres/.m2/repository/org/json/json/20180813/json-20180813.jar:/Users/jimmyandres/.m2/repository/net/minidev/json-smart/2.3/json-smart-2.3.jar:/Users/jimmyandres/.m2/repository/net/minidev/accessors-smart/1.2/accessors-smart-1.2.jar:/Users/jimmyandres/.m2/repository/org/ow2/asm/asm/5.0.4/asm-5.0.4.jar:/Users/jimmyandres/.m2/repository/org/apache/maven/surefire/surefire-testng-utils/2.22.0/surefire-testng-utils-2.22.0.jar:/Users/jimmyandres/.m2/repository/org/apache/maven/surefire/surefire-grouper/2.22.0/surefire-grouper-2.22.0.jar:/Users/jimmyandres/.m2/repository/org/apache/maven/surefire/surefire-testng/2.22.0/surefire-testng-2.22.0.jar:/Users/jimmyandres/.m2/repository/org/apache/maven/surefire/common-java5/2.22.0/common-java5-2.22.0.jar"/>
    <property name="java.vm.vendor" value="Oracle Corporation"/>
    <property name="sun.arch.data.model" value="64"/>
    <property name="java.vendor.url" value="https://openjdk.java.net/"/>
    <property name="os.name" value="Mac OS X"/>
    <property name="java.vm.specification.version" value="13"/>
    <property name="sun.java.launcher" value="SUN_STANDARD"/>
    <property name="user.country" value="CR"/>
    <property name="sun.boot.library.path" value="/usr/local/Cellar/openjdk/13.0.2+8_2/libexec/openjdk.jdk/Contents/Home/lib"/>
    <property name="sun.java.command" value="org.apache.maven.surefire.booter.ForkedBooter /Users/jimmyandres/Modulo-3-Examen/api/rest_assured/target/surefire 2020-10-31T18-52-45_122-jvmRun1 surefire303660658506532078tmp surefire_02096985737057267571tmp"/>
    <property name="http.nonProxyHosts" value="local|*.local|169.254/16|*.169.254/16"/>
    <property name="jdk.debug" value="release"/>
    <property name="surefire.test.class.path" value="/Users/jimmyandres/Modulo-3-Examen/api/rest_assured/target/test-classes:/Users/jimmyandres/Modulo-3-Examen/api/rest_assured/target/classes:/Users/jimmyandres/.m2/repository/io/rest-assured/rest-assured/4.3.1/rest-assured-4.3.1.jar:/Users/jimmyandres/.m2/repository/org/codehaus/groovy/groovy/3.0.3/groovy-3.0.3.jar:/Users/jimmyandres/.m2/repository/org/codehaus/groovy/groovy-xml/3.0.3/groovy-xml-3.0.3.jar:/Users/jimmyandres/.m2/repository/org/apache/httpcomponents/httpclient/4.5.3/httpclient-4.5.3.jar:/Users/jimmyandres/.m2/repository/org/apache/httpcomponents/httpcore/4.4.6/httpcore-4.4.6.jar:/Users/jimmyandres/.m2/repository/commons-logging/commons-logging/1.2/commons-logging-1.2.jar:/Users/jimmyandres/.m2/repository/commons-codec/commons-codec/1.9/commons-codec-1.9.jar:/Users/jimmyandres/.m2/repository/org/apache/httpcomponents/httpmime/4.5.3/httpmime-4.5.3.jar:/Users/jimmyandres/.m2/repository/org/hamcrest/hamcrest/2.1/hamcrest-2.1.jar:/Users/jimmyandres/.m2/repository/org/ccil/cowan/tagsoup/tagsoup/1.2.1/tagsoup-1.2.1.jar:/Users/jimmyandres/.m2/repository/io/rest-assured/json-path/4.3.1/json-path-4.3.1.jar:/Users/jimmyandres/.m2/repository/org/codehaus/groovy/groovy-json/3.0.3/groovy-json-3.0.3.jar:/Users/jimmyandres/.m2/repository/io/rest-assured/rest-assured-common/4.3.1/rest-assured-common-4.3.1.jar:/Users/jimmyandres/.m2/repository/io/rest-assured/xml-path/4.3.1/xml-path-4.3.1.jar:/Users/jimmyandres/.m2/repository/org/apache/commons/commons-lang3/3.4/commons-lang3-3.4.jar:/Users/jimmyandres/.m2/repository/jakarta/xml/bind/jakarta.xml.bind-api/2.3.3/jakarta.xml.bind-api-2.3.3.jar:/Users/jimmyandres/.m2/repository/jakarta/activation/jakarta.activation-api/1.2.2/jakarta.activation-api-1.2.2.jar:/Users/jimmyandres/.m2/repository/com/sun/xml/bind/jaxb-impl/2.3.3/jaxb-impl-2.3.3.jar:/Users/jimmyandres/.m2/repository/org/testng/testng/6.14.3/testng-6.14.3.jar:/Users/jimmyandres/.m2/repository/com/beust/jcommander/1.72/jcommander-1.72.jar:/Users/jimmyandres/.m2/repository/org/apache-extras/beanshell/bsh/2.0b6/bsh-2.0b6.jar:/Users/jimmyandres/.m2/repository/com/fasterxml/jackson/core/jackson-core/2.11.3/jackson-core-2.11.3.jar:/Users/jimmyandres/.m2/repository/com/fasterxml/jackson/core/jackson-databind/2.6.0/jackson-databind-2.6.0.jar:/Users/jimmyandres/.m2/repository/com/fasterxml/jackson/core/jackson-annotations/2.6.0/jackson-annotations-2.6.0.jar:/Users/jimmyandres/.m2/repository/org/json/json/20180813/json-20180813.jar:/Users/jimmyandres/.m2/repository/net/minidev/json-smart/2.3/json-smart-2.3.jar:/Users/jimmyandres/.m2/repository/net/minidev/accessors-smart/1.2/accessors-smart-1.2.jar:/Users/jimmyandres/.m2/repository/org/ow2/asm/asm/5.0.4/asm-5.0.4.jar:/Users/jimmyandres/.m2/repository/org/apache/maven/surefire/surefire-testng-utils/2.22.0/surefire-testng-utils-2.22.0.jar:/Users/jimmyandres/.m2/repository/org/apache/maven/surefire/surefire-grouper/2.22.0/surefire-grouper-2.22.0.jar:"/>
    <property name="sun.cpu.endian" value="little"/>
    <property name="user.home" value="/Users/jimmyandres"/>
    <property name="user.language" value="en"/>
    <property name="java.specification.vendor" value="Oracle Corporation"/>
    <property name="java.version.date" value="2020-01-14"/>
    <property name="java.home" value="/usr/local/Cellar/openjdk/13.0.2+8_2/libexec/openjdk.jdk/Contents/Home"/>
    <property name="file.separator" value="/"/>
    <property name="basedir" value="/Users/jimmyandres/Modulo-3-Examen/api/rest_assured"/>
    <property name="java.vm.compressedOopsMode" value="Zero based"/>
    <property name="line.separator" value="&#10;"/>
    <property name="java.specification.name" value="Java Platform API Specification"/>
    <property name="java.vm.specification.vendor" value="Oracle Corporation"/>
    <property name="sun.management.compiler" value="HotSpot 64-Bit Tiered Compilers"/>
    <property name="ftp.nonProxyHosts" value="local|*.local|169.254/16|*.169.254/16"/>
    <property name="java.runtime.version" value="13.0.2+8"/>
    <property name="user.name" value="jimmyandres"/>
    <property name="path.separator" value=":"/>
    <property name="os.version" value="10.15.7"/>
    <property name="java.runtime.name" value="OpenJDK Runtime Environment"/>
    <property name="file.encoding" value="UTF-8"/>
    <property name="java.vm.name" value="OpenJDK 64-Bit Server VM"/>
    <property name="localRepository" value="/Users/jimmyandres/.m2/repository"/>
    <property name="java.vendor.url.bug" value="https://bugreport.java.com/bugreport/"/>
    <property name="java.io.tmpdir" value="/var/folders/z4/y280pmsj1cg7kmwd78q_7wrw0000gn/T/"/>
    <property name="java.version" value="13.0.2"/>
    <property name="user.dir" value="/Users/jimmyandres/Modulo-3-Examen/api/rest_assured"/>
    <property name="os.arch" value="x86_64"/>
    <property name="java.vm.specification.name" value="Java Virtual Machine Specification"/>
    <property name="java.library.path" value="/Users/jimmyandres/Library/Java/Extensions:/Library/Java/Extensions:/Network/Library/Java/Extensions:/System/Library/Java/Extensions:/usr/lib/java:."/>
    <property name="java.vm.info" value="mixed mode, sharing"/>
    <property name="java.vendor" value="N/A"/>
    <property name="java.vm.version" value="13.0.2+8"/>
    <property name="sun.io.unicode.encoding" value="UnicodeBig"/>
    <property name="socksNonProxyHosts" value="local|*.local|169.254/16|*.169.254/16"/>
    <property name="java.class.version" value="57.0"/>
  </properties>
  <testcase name="CorrectStatus_Code_Test" classname="StatusTest" time="2.238"/>
  <testcase name="Correct_String_Test" classname="StatusTest" time="1.426"/>
  <testcase name="Status_Wrong_Page_Test" classname="StatusTest" time="0.8"/>
  <testcase name="FighterNameIsCorrect" classname="RandomTest" time="1.076"/>
  <testcase name="Random_Name_Correct_Status_Test" classname="RandomTest" time="0.994"/>
  <testcase name="Random_Name_Incorrect_Status_Test" classname="RandomTest" time="0.794"/>
  <testcase name="submit_Same_Name" classname="RandomTest" time="1.561"/>
  <testcase name="UpdateFighter" classname="UpdateTest" time="0.792"/>
</testsuite>